{"/Users/user/projects/euphoria/src/components/CategoryListItem/CategoryListItem.tsx": {"path":"/Users/user/projects/euphoria/src/components/CategoryListItem/CategoryListItem.tsx","statementMap":{"0":{"start":{"line":1,"column":0},"end":{"line":1,"column":74}},"1":{"start":{"line":2,"column":0},"end":{"line":2,"column":53}},"2":{"start":{"line":4,"column":32},"end":{"line":25,"column":1}},"3":{"start":{"line":13,"column":2},"end":{"line":24,"column":4}},"4":{"start":{"line":4,"column":13},"end":{"line":4,"column":32}}},"fnMap":{"0":{"name":"(anonymous_0)","decl":{"start":{"line":4,"column":32},"end":{"line":4,"column":33}},"loc":{"start":{"line":12,"column":5},"end":{"line":25,"column":1}}}},"branchMap":{},"s":{"0":1,"1":1,"2":1,"3":2,"4":1},"f":{"0":2},"b":{}}
,"/Users/user/projects/euphoria/src/components/CategoryListItem/CategoryListStyleItem.ts": {"path":"/Users/user/projects/euphoria/src/components/CategoryListItem/CategoryListStyleItem.ts","statementMap":{"0":{"start":{"line":1,"column":13},"end":{"line":42,"column":2}}},"fnMap":{},"branchMap":{},"s":{"0":1},"f":{},"b":{}}
,"/Users/user/projects/euphoria/src/components/FilterBar/FilterBarStyle.ts": {"path":"/Users/user/projects/euphoria/src/components/FilterBar/FilterBarStyle.ts","statementMap":{"0":{"start":{"line":1,"column":21},"end":{"line":9,"column":2}},"1":{"start":{"line":11,"column":26},"end":{"line":88,"column":2}}},"fnMap":{},"branchMap":{},"s":{"0":0,"1":0},"f":{},"b":{}}
,"/Users/user/projects/euphoria/src/components/RecentTourList/RecentTourList.tsx": {"path":"/Users/user/projects/euphoria/src/components/RecentTourList/RecentTourList.tsx","statementMap":{"0":{"start":{"line":1,"column":0},"end":{"line":1,"column":44}},"1":{"start":{"line":2,"column":0},"end":{"line":2,"column":48}},"2":{"start":{"line":3,"column":0},"end":{"line":3,"column":78}},"3":{"start":{"line":4,"column":0},"end":{"line":4,"column":61}},"4":{"start":{"line":5,"column":0},"end":{"line":5,"column":55}},"5":{"start":{"line":6,"column":0},"end":{"line":6,"column":61}},"6":{"start":{"line":17,"column":30},"end":{"line":90,"column":1}},"7":{"start":{"line":18,"column":19},"end":{"line":18,"column":32}},"8":{"start":{"line":19,"column":29},"end":{"line":19,"column":68}},"9":{"start":{"line":19,"column":57},"end":{"line":19,"column":67}},"10":{"start":{"line":20,"column":40},"end":{"line":20,"column":51}},"11":{"start":{"line":21,"column":42},"end":{"line":21,"column":82}},"12":{"start":{"line":23,"column":2},"end":{"line":25,"column":17}},"13":{"start":{"line":24,"column":4},"end":{"line":24,"column":34}},"14":{"start":{"line":28,"column":22},"end":{"line":31,"column":16}},"15":{"start":{"line":29,"column":28},"end":{"line":29,"column":78}},"16":{"start":{"line":30,"column":32},"end":{"line":30,"column":115}},"17":{"start":{"line":33,"column":26},"end":{"line":38,"column":3}},"18":{"start":{"line":34,"column":4},"end":{"line":37,"column":8}},"19":{"start":{"line":34,"column":29},"end":{"line":37,"column":6}},"20":{"start":{"line":40,"column":26},"end":{"line":41,"column":60}},"21":{"start":{"line":41,"column":38},"end":{"line":41,"column":59}},"22":{"start":{"line":43,"column":20},"end":{"line":43,"column":29}},"23":{"start":{"line":46,"column":2},"end":{"line":64,"column":3}},"24":{"start":{"line":47,"column":4},"end":{"line":63,"column":6}},"25":{"start":{"line":50,"column":10},"end":{"line":51,"column":null}},"26":{"start":{"line":67,"column":2},"end":{"line":89,"column":4}},"27":{"start":{"line":70,"column":21},"end":{"line":70,"column":34}},"28":{"start":{"line":71,"column":21},"end":{"line":71,"column":45}},"29":{"start":{"line":72,"column":20},"end":{"line":72,"column":34}},"30":{"start":{"line":73,"column":22},"end":{"line":73,"column":69}},"31":{"start":{"line":74,"column":8},"end":{"line":86,"column":10}},"32":{"start":{"line":82,"column":32},"end":{"line":82,"column":53}},"33":{"start":{"line":83,"column":31},"end":{"line":83,"column":55}},"34":{"start":{"line":17,"column":13},"end":{"line":17,"column":30}}},"fnMap":{"0":{"name":"(anonymous_1)","decl":{"start":{"line":17,"column":30},"end":{"line":17,"column":33}},"loc":{"start":{"line":17,"column":35},"end":{"line":90,"column":1}}},"1":{"name":"(anonymous_2)","decl":{"start":{"line":19,"column":41},"end":{"line":19,"column":42}},"loc":{"start":{"line":19,"column":57},"end":{"line":19,"column":67}}},"2":{"name":"(anonymous_3)","decl":{"start":{"line":23,"column":12},"end":{"line":23,"column":15}},"loc":{"start":{"line":23,"column":17},"end":{"line":25,"column":3}}},"3":{"name":"(anonymous_4)","decl":{"start":{"line":29,"column":12},"end":{"line":29,"column":13}},"loc":{"start":{"line":29,"column":28},"end":{"line":29,"column":78}}},"4":{"name":"(anonymous_5)","decl":{"start":{"line":30,"column":10},"end":{"line":30,"column":11}},"loc":{"start":{"line":30,"column":32},"end":{"line":30,"column":115}}},"5":{"name":"(anonymous_6)","decl":{"start":{"line":33,"column":26},"end":{"line":33,"column":27}},"loc":{"start":{"line":33,"column":45},"end":{"line":38,"column":3}}},"6":{"name":"(anonymous_7)","decl":{"start":{"line":34,"column":20},"end":{"line":34,"column":24}},"loc":{"start":{"line":34,"column":29},"end":{"line":37,"column":6}}},"7":{"name":"(anonymous_8)","decl":{"start":{"line":41,"column":22},"end":{"line":41,"column":23}},"loc":{"start":{"line":41,"column":38},"end":{"line":41,"column":59}}},"8":{"name":"(anonymous_9)","decl":{"start":{"line":49,"column":23},"end":{"line":49,"column":24}},"loc":{"start":{"line":50,"column":10},"end":{"line":51,"column":null}}},"9":{"name":"(anonymous_10)","decl":{"start":{"line":57,"column":26},"end":{"line":57,"column":29}},"loc":{"start":{"line":57,"column":31},"end":{"line":57,"column":34}}},"10":{"name":"(anonymous_11)","decl":{"start":{"line":58,"column":25},"end":{"line":58,"column":28}},"loc":{"start":{"line":58,"column":30},"end":{"line":58,"column":33}}},"11":{"name":"(anonymous_12)","decl":{"start":{"line":69,"column":23},"end":{"line":69,"column":24}},"loc":{"start":{"line":69,"column":53},"end":{"line":87,"column":7}}},"12":{"name":"(anonymous_13)","decl":{"start":{"line":82,"column":26},"end":{"line":82,"column":29}},"loc":{"start":{"line":82,"column":32},"end":{"line":82,"column":53}}},"13":{"name":"(anonymous_14)","decl":{"start":{"line":83,"column":25},"end":{"line":83,"column":28}},"loc":{"start":{"line":83,"column":31},"end":{"line":83,"column":55}}}},"branchMap":{"0":{"loc":{"start":{"line":28,"column":23},"end":{"line":28,"column":34}},"type":"binary-expr","locations":[{"start":{"line":28,"column":23},"end":{"line":28,"column":28}},{"start":{"line":28,"column":32},"end":{"line":28,"column":34}}]},"1":{"loc":{"start":{"line":29,"column":28},"end":{"line":29,"column":78}},"type":"binary-expr","locations":[{"start":{"line":29,"column":28},"end":{"line":29,"column":53}},{"start":{"line":29,"column":57},"end":{"line":29,"column":78}}]},"2":{"loc":{"start":{"line":40,"column":26},"end":{"line":41,"column":60}},"type":"binary-expr","locations":[{"start":{"line":40,"column":26},"end":{"line":40,"column":48}},{"start":{"line":41,"column":4},"end":{"line":41,"column":60}}]},"3":{"loc":{"start":{"line":46,"column":2},"end":{"line":64,"column":3}},"type":"if","locations":[{"start":{"line":46,"column":2},"end":{"line":64,"column":3}}]},"4":{"loc":{"start":{"line":46,"column":6},"end":{"line":46,"column":41}},"type":"binary-expr","locations":[{"start":{"line":46,"column":6},"end":{"line":46,"column":13}},{"start":{"line":46,"column":17},"end":{"line":46,"column":41}}]},"5":{"loc":{"start":{"line":77,"column":17},"end":{"line":77,"column":95}},"type":"cond-expr","locations":[{"start":{"line":77,"column":37},"end":{"line":77,"column":89}},{"start":{"line":77,"column":93},"end":{"line":77,"column":95}}]}},"s":{"0":1,"1":1,"2":1,"3":1,"4":1,"5":1,"6":1,"7":3,"8":3,"9":0,"10":3,"11":3,"12":3,"13":3,"14":3,"15":3,"16":3,"17":3,"18":0,"19":0,"20":3,"21":1,"22":3,"23":3,"24":2,"25":6,"26":1,"27":3,"28":3,"29":3,"30":3,"31":3,"32":0,"33":0,"34":1},"f":{"0":3,"1":0,"2":3,"3":3,"4":3,"5":0,"6":0,"7":1,"8":6,"9":0,"10":0,"11":3,"12":0,"13":0},"b":{"0":[3,0],"1":[3,3],"2":[3,1],"3":[2],"4":[3,1],"5":[3,0]}}
,"/Users/user/projects/euphoria/src/components/RecentTourList/RecentTourListStyle.ts": {"path":"/Users/user/projects/euphoria/src/components/RecentTourList/RecentTourListStyle.ts","statementMap":{"0":{"start":{"line":1,"column":13},"end":{"line":9,"column":2}}},"fnMap":{},"branchMap":{},"s":{"0":1},"f":{},"b":{}}
,"/Users/user/projects/euphoria/src/components/RecentTourListItem/RecentTourListItem.tsx": {"path":"/Users/user/projects/euphoria/src/components/RecentTourListItem/RecentTourListItem.tsx","statementMap":{"0":{"start":{"line":1,"column":0},"end":{"line":1,"column":47}},"1":{"start":{"line":2,"column":0},"end":{"line":2,"column":56}},"2":{"start":{"line":3,"column":0},"end":{"line":3,"column":62}},"3":{"start":{"line":4,"column":0},"end":{"line":4,"column":58}},"4":{"start":{"line":5,"column":0},"end":{"line":5,"column":55}},"5":{"start":{"line":19,"column":34},"end":{"line":129,"column":1}},"6":{"start":{"line":30,"column":19},"end":{"line":30,"column":32}},"7":{"start":{"line":33,"column":22},"end":{"line":35,"column":3}},"8":{"start":{"line":34,"column":4},"end":{"line":34,"column":28}},"9":{"start":{"line":38,"column":25},"end":{"line":40,"column":98}},"10":{"start":{"line":42,"column":2},"end":{"line":128,"column":4}},"11":{"start":{"line":19,"column":13},"end":{"line":19,"column":34}}},"fnMap":{"0":{"name":"(anonymous_1)","decl":{"start":{"line":19,"column":34},"end":{"line":19,"column":35}},"loc":{"start":{"line":29,"column":30},"end":{"line":129,"column":1}}},"1":{"name":"(anonymous_2)","decl":{"start":{"line":33,"column":22},"end":{"line":33,"column":25}},"loc":{"start":{"line":33,"column":27},"end":{"line":35,"column":3}}}},"branchMap":{"0":{"loc":{"start":{"line":38,"column":25},"end":{"line":40,"column":98}},"type":"cond-expr","locations":[{"start":{"line":39,"column":6},"end":{"line":39,"column":100}},{"start":{"line":40,"column":6},"end":{"line":40,"column":98}}]},"1":{"loc":{"start":{"line":39,"column":44},"end":{"line":39,"column":98}},"type":"cond-expr","locations":[{"start":{"line":39,"column":59},"end":{"line":39,"column":65}},{"start":{"line":39,"column":68},"end":{"line":39,"column":98}}]},"2":{"loc":{"start":{"line":40,"column":43},"end":{"line":40,"column":96}},"type":"cond-expr","locations":[{"start":{"line":40,"column":58},"end":{"line":40,"column":64}},{"start":{"line":40,"column":67},"end":{"line":40,"column":96}}]},"3":{"loc":{"start":{"line":48,"column":7},"end":{"line":95,"column":null}},"type":"binary-expr","locations":[{"start":{"line":48,"column":7},"end":{"line":48,"column":19}},{"start":{"line":49,"column":8},"end":{"line":94,"column":null}}]},"4":{"loc":{"start":{"line":77,"column":14},"end":{"line":91,"column":null}},"type":"cond-expr","locations":[{"start":{"line":78,"column":16},"end":{"line":84,"column":null}},{"start":{"line":87,"column":16},"end":{"line":90,"column":null}}]},"5":{"loc":{"start":{"line":102,"column":26},"end":{"line":102,"column":46}},"type":"cond-expr","locations":[{"start":{"line":102,"column":41},"end":{"line":102,"column":42}},{"start":{"line":102,"column":45},"end":{"line":102,"column":46}}]},"6":{"loc":{"start":{"line":104,"column":7},"end":{"line":125,"column":null}},"type":"binary-expr","locations":[{"start":{"line":104,"column":7},"end":{"line":104,"column":20}},{"start":{"line":105,"column":8},"end":{"line":123,"column":null}}]},"7":{"loc":{"start":{"line":108,"column":12},"end":{"line":122,"column":null}},"type":"cond-expr","locations":[{"start":{"line":109,"column":14},"end":{"line":115,"column":null}},{"start":{"line":118,"column":14},"end":{"line":121,"column":null}}]}},"s":{"0":2,"1":2,"2":2,"3":2,"4":2,"5":2,"6":14,"7":14,"8":1,"9":14,"10":14,"11":2},"f":{"0":14,"1":1},"b":{"0":[5,9],"1":[3,2],"2":[7,2],"3":[14,10],"4":[3,7],"5":[10,4],"6":[14,4],"7":[2,2]}}
,"/Users/user/projects/euphoria/src/components/RecentTourListItem/RecentTourListItemStyle.ts": {"path":"/Users/user/projects/euphoria/src/components/RecentTourListItem/RecentTourListItemStyle.ts","statementMap":{"0":{"start":{"line":1,"column":20},"end":{"line":1,"column":27}},"1":{"start":{"line":2,"column":19},"end":{"line":2,"column":25}},"2":{"start":{"line":3,"column":25},"end":{"line":3,"column":32}},"3":{"start":{"line":5,"column":13},"end":{"line":82,"column":2}}},"fnMap":{},"branchMap":{},"s":{"0":2,"1":2,"2":2,"3":2},"f":{},"b":{}}
,"/Users/user/projects/euphoria/src/components/SearchBar/SearchBarStyle.ts": {"path":"/Users/user/projects/euphoria/src/components/SearchBar/SearchBarStyle.ts","statementMap":{"0":{"start":{"line":3,"column":18},"end":{"line":7,"column":2}},"1":{"start":{"line":9,"column":28},"end":{"line":112,"column":2}}},"fnMap":{},"branchMap":{},"s":{"0":0,"1":0},"f":{},"b":{}}
,"/Users/user/projects/euphoria/src/components/SmallSearchForm/SmallSearchForm.tsx": {"path":"/Users/user/projects/euphoria/src/components/SmallSearchForm/SmallSearchForm.tsx","statementMap":{"0":{"start":{"line":1,"column":0},"end":{"line":1,"column":46}},"1":{"start":{"line":2,"column":0},"end":{"line":2,"column":56}},"2":{"start":{"line":3,"column":0},"end":{"line":3,"column":58}},"3":{"start":{"line":4,"column":0},"end":{"line":4,"column":52}},"4":{"start":{"line":5,"column":0},"end":{"line":5,"column":65}},"5":{"start":{"line":6,"column":0},"end":{"line":6,"column":50}},"6":{"start":{"line":7,"column":0},"end":{"line":7,"column":37}},"7":{"start":{"line":8,"column":0},"end":{"line":8,"column":26}},"8":{"start":{"line":9,"column":0},"end":{"line":9,"column":25}},"9":{"start":{"line":10,"column":0},"end":{"line":10,"column":19}},"10":{"start":{"line":12,"column":0},"end":{"line":12,"column":49}},"11":{"start":{"line":13,"column":0},"end":{"line":13,"column":45}},"12":{"start":{"line":15,"column":0},"end":{"line":15,"column":54}},"13":{"start":{"line":16,"column":0},"end":{"line":16,"column":59}},"14":{"start":{"line":17,"column":0},"end":{"line":17,"column":42}},"15":{"start":{"line":18,"column":0},"end":{"line":18,"column":47}},"16":{"start":{"line":20,"column":31},"end":{"line":111,"column":1}},"17":{"start":{"line":21,"column":26},"end":{"line":21,"column":36}},"18":{"start":{"line":22,"column":19},"end":{"line":22,"column":32}},"19":{"start":{"line":23,"column":19},"end":{"line":23,"column":32}},"20":{"start":{"line":25,"column":26},"end":{"line":25,"column":38}},"21":{"start":{"line":26,"column":36},"end":{"line":26,"column":55}},"22":{"start":{"line":27,"column":40},"end":{"line":27,"column":55}},"23":{"start":{"line":30,"column":25},"end":{"line":30,"column":50}},"24":{"start":{"line":32,"column":28},"end":{"line":40,"column":3}},"25":{"start":{"line":33,"column":18},"end":{"line":33,"column":36}},"26":{"start":{"line":34,"column":4},"end":{"line":39,"column":5}},"27":{"start":{"line":35,"column":6},"end":{"line":35,"column":21}},"28":{"start":{"line":36,"column":6},"end":{"line":38,"column":7}},"29":{"start":{"line":37,"column":8},"end":{"line":37,"column":30}},"30":{"start":{"line":42,"column":27},"end":{"line":44,"column":3}},"31":{"start":{"line":43,"column":4},"end":{"line":43,"column":24}},"32":{"start":{"line":46,"column":23},"end":{"line":54,"column":3}},"33":{"start":{"line":47,"column":4},"end":{"line":50,"column":5}},"34":{"start":{"line":48,"column":6},"end":{"line":48,"column":27}},"35":{"start":{"line":49,"column":6},"end":{"line":49,"column":13}},"36":{"start":{"line":51,"column":4},"end":{"line":51,"column":26}},"37":{"start":{"line":52,"column":4},"end":{"line":52,"column":49}},"38":{"start":{"line":53,"column":4},"end":{"line":53,"column":24}},"39":{"start":{"line":56,"column":2},"end":{"line":110,"column":4}},"40":{"start":{"line":91,"column":39},"end":{"line":91,"column":82}},"41":{"start":{"line":20,"column":13},"end":{"line":20,"column":31}}},"fnMap":{"0":{"name":"(anonymous_1)","decl":{"start":{"line":20,"column":31},"end":{"line":20,"column":34}},"loc":{"start":{"line":20,"column":36},"end":{"line":111,"column":1}}},"1":{"name":"(anonymous_2)","decl":{"start":{"line":32,"column":28},"end":{"line":32,"column":29}},"loc":{"start":{"line":32,"column":69},"end":{"line":40,"column":3}}},"2":{"name":"(anonymous_3)","decl":{"start":{"line":42,"column":27},"end":{"line":42,"column":28}},"loc":{"start":{"line":42,"column":42},"end":{"line":44,"column":3}}},"3":{"name":"(anonymous_4)","decl":{"start":{"line":46,"column":23},"end":{"line":46,"column":26}},"loc":{"start":{"line":46,"column":28},"end":{"line":54,"column":3}}},"4":{"name":"(anonymous_5)","decl":{"start":{"line":91,"column":26},"end":{"line":91,"column":27}},"loc":{"start":{"line":91,"column":39},"end":{"line":91,"column":82}}}},"branchMap":{"0":{"loc":{"start":{"line":34,"column":4},"end":{"line":39,"column":5}},"type":"if","locations":[{"start":{"line":34,"column":4},"end":{"line":39,"column":5}}]},"1":{"loc":{"start":{"line":36,"column":6},"end":{"line":38,"column":7}},"type":"if","locations":[{"start":{"line":36,"column":6},"end":{"line":38,"column":7}}]},"2":{"loc":{"start":{"line":47,"column":4},"end":{"line":50,"column":5}},"type":"if","locations":[{"start":{"line":47,"column":4},"end":{"line":50,"column":5}}]},"3":{"loc":{"start":{"line":65,"column":19},"end":{"line":65,"column":66}},"type":"cond-expr","locations":[{"start":{"line":65,"column":33},"end":{"line":65,"column":61}},{"start":{"line":65,"column":64},"end":{"line":65,"column":66}}]},"4":{"loc":{"start":{"line":91,"column":39},"end":{"line":91,"column":82}},"type":"binary-expr","locations":[{"start":{"line":91,"column":39},"end":{"line":91,"column":46}},{"start":{"line":91,"column":50},"end":{"line":91,"column":82}}]}},"s":{"0":1,"1":1,"2":1,"3":1,"4":1,"5":1,"6":1,"7":1,"8":1,"9":1,"10":1,"11":1,"12":1,"13":1,"14":1,"15":1,"16":1,"17":22,"18":22,"19":22,"20":22,"21":22,"22":22,"23":22,"24":22,"25":20,"26":20,"27":17,"28":17,"29":16,"30":22,"31":0,"32":22,"33":2,"34":1,"35":1,"36":1,"37":1,"38":1,"39":22,"40":0,"41":1},"f":{"0":22,"1":20,"2":0,"3":2,"4":0},"b":{"0":[17],"1":[16],"2":[1],"3":[1,21],"4":[0,0]}}
,"/Users/user/projects/euphoria/src/components/SmallSearchForm/SmallSearchFormStyle.ts": {"path":"/Users/user/projects/euphoria/src/components/SmallSearchForm/SmallSearchFormStyle.ts","statementMap":{"0":{"start":{"line":1,"column":18},"end":{"line":5,"column":2}},"1":{"start":{"line":7,"column":13},"end":{"line":94,"column":2}}},"fnMap":{},"branchMap":{},"s":{"0":1,"1":1},"f":{},"b":{}}
,"/Users/user/projects/euphoria/src/components/TourCard/TourCard.tsx": {"path":"/Users/user/projects/euphoria/src/components/TourCard/TourCard.tsx","statementMap":{"0":{"start":{"line":1,"column":0},"end":{"line":1,"column":38}},"1":{"start":{"line":2,"column":0},"end":{"line":2,"column":52}},"2":{"start":{"line":3,"column":0},"end":{"line":3,"column":48}},"3":{"start":{"line":4,"column":0},"end":{"line":4,"column":50}},"4":{"start":{"line":5,"column":0},"end":{"line":5,"column":58}},"5":{"start":{"line":6,"column":0},"end":{"line":6,"column":36}},"6":{"start":{"line":7,"column":0},"end":{"line":7,"column":47}},"7":{"start":{"line":8,"column":0},"end":{"line":8,"column":42}},"8":{"start":{"line":9,"column":0},"end":{"line":9,"column":58}},"9":{"start":{"line":11,"column":0},"end":{"line":11,"column":45}},"10":{"start":{"line":13,"column":0},"end":{"line":13,"column":41}},"11":{"start":{"line":14,"column":0},"end":{"line":14,"column":68}},"12":{"start":{"line":15,"column":0},"end":{"line":15,"column":50}},"13":{"start":{"line":17,"column":24},"end":{"line":83,"column":1}},"14":{"start":{"line":38,"column":19},"end":{"line":38,"column":32}},"15":{"start":{"line":39,"column":19},"end":{"line":39,"column":32}},"16":{"start":{"line":40,"column":22},"end":{"line":45,"column":3}},"17":{"start":{"line":41,"column":4},"end":{"line":43,"column":5}},"18":{"start":{"line":42,"column":6},"end":{"line":42,"column":41}},"19":{"start":{"line":44,"column":4},"end":{"line":44,"column":28}},"20":{"start":{"line":47,"column":2},"end":{"line":82,"column":4}},"21":{"start":{"line":17,"column":13},"end":{"line":17,"column":24}}},"fnMap":{"0":{"name":"(anonymous_1)","decl":{"start":{"line":17,"column":24},"end":{"line":17,"column":25}},"loc":{"start":{"line":37,"column":5},"end":{"line":83,"column":1}}},"1":{"name":"(anonymous_2)","decl":{"start":{"line":40,"column":22},"end":{"line":40,"column":25}},"loc":{"start":{"line":40,"column":27},"end":{"line":45,"column":3}}}},"branchMap":{"0":{"loc":{"start":{"line":41,"column":4},"end":{"line":43,"column":5}},"type":"if","locations":[{"start":{"line":41,"column":4},"end":{"line":43,"column":5}}]}},"s":{"0":1,"1":1,"2":1,"3":1,"4":1,"5":1,"6":1,"7":1,"8":1,"9":1,"10":1,"11":1,"12":1,"13":1,"14":8,"15":0,"16":0,"17":0,"18":0,"19":0,"20":0,"21":1},"f":{"0":8,"1":0},"b":{"0":[0]}}
,"/Users/user/projects/euphoria/src/components/TourCard/TourCardStyle.tsx": {"path":"/Users/user/projects/euphoria/src/components/TourCard/TourCardStyle.tsx","statementMap":{"0":{"start":{"line":1,"column":13},"end":{"line":58,"column":2}}},"fnMap":{},"branchMap":{},"s":{"0":1},"f":{},"b":{}}
,"/Users/user/projects/euphoria/src/components/TourCardList/TourCardList.tsx": {"path":"/Users/user/projects/euphoria/src/components/TourCardList/TourCardList.tsx","statementMap":{"0":{"start":{"line":1,"column":0},"end":{"line":1,"column":34}},"1":{"start":{"line":2,"column":0},"end":{"line":2,"column":48}},"2":{"start":{"line":3,"column":0},"end":{"line":3,"column":45}},"3":{"start":{"line":4,"column":0},"end":{"line":4,"column":42}},"4":{"start":{"line":6,"column":28},"end":{"line":29,"column":1}},"5":{"start":{"line":7,"column":29},"end":{"line":7,"column":68}},"6":{"start":{"line":7,"column":57},"end":{"line":7,"column":67}},"7":{"start":{"line":9,"column":2},"end":{"line":11,"column":3}},"8":{"start":{"line":10,"column":4},"end":{"line":10,"column":16}},"9":{"start":{"line":13,"column":2},"end":{"line":28,"column":4}},"10":{"start":{"line":16,"column":8},"end":{"line":17,"column":null}},"11":{"start":{"line":6,"column":13},"end":{"line":6,"column":28}}},"fnMap":{"0":{"name":"(anonymous_0)","decl":{"start":{"line":6,"column":28},"end":{"line":6,"column":31}},"loc":{"start":{"line":6,"column":33},"end":{"line":29,"column":1}}},"1":{"name":"(anonymous_1)","decl":{"start":{"line":7,"column":41},"end":{"line":7,"column":42}},"loc":{"start":{"line":7,"column":57},"end":{"line":7,"column":67}}},"2":{"name":"(anonymous_2)","decl":{"start":{"line":15,"column":17},"end":{"line":15,"column":18}},"loc":{"start":{"line":16,"column":8},"end":{"line":17,"column":null}}}},"branchMap":{"0":{"loc":{"start":{"line":9,"column":2},"end":{"line":11,"column":3}},"type":"if","locations":[{"start":{"line":9,"column":2},"end":{"line":11,"column":3}}]},"1":{"loc":{"start":{"line":9,"column":6},"end":{"line":9,"column":34}},"type":"binary-expr","locations":[{"start":{"line":9,"column":6},"end":{"line":9,"column":12}},{"start":{"line":9,"column":16},"end":{"line":9,"column":34}}]},"2":{"loc":{"start":{"line":22,"column":17},"end":{"line":22,"column":52}},"type":"binary-expr","locations":[{"start":{"line":22,"column":17},"end":{"line":22,"column":46}},{"start":{"line":22,"column":50},"end":{"line":22,"column":52}}]},"3":{"loc":{"start":{"line":23,"column":15},"end":{"line":23,"column":93}},"type":"cond-expr","locations":[{"start":{"line":23,"column":35},"end":{"line":23,"column":87}},{"start":{"line":23,"column":91},"end":{"line":23,"column":93}}]},"4":{"loc":{"start":{"line":24,"column":16},"end":{"line":24,"column":32}},"type":"binary-expr","locations":[{"start":{"line":24,"column":16},"end":{"line":24,"column":25}},{"start":{"line":24,"column":29},"end":{"line":24,"column":32}}]}},"s":{"0":1,"1":1,"2":1,"3":1,"4":1,"5":3,"6":0,"7":3,"8":2,"9":1,"10":2,"11":1},"f":{"0":3,"1":0,"2":2},"b":{"0":[2],"1":[3,2],"2":[2,1],"3":[1,1],"4":[2,1]}}
,"/Users/user/projects/euphoria/src/components/TourCardList/TourCardListStyle.tsx": {"path":"/Users/user/projects/euphoria/src/components/TourCardList/TourCardListStyle.tsx","statementMap":{"0":{"start":{"line":1,"column":13},"end":{"line":10,"column":2}}},"fnMap":{},"branchMap":{},"s":{"0":1},"f":{},"b":{}}
}
