TN:
SF:src/components/CategoryListItem/CategoryListItem.tsx
FN:4,(anonymous_0)
FNF:1
FNH:1
FNDA:2,(anonymous_0)
DA:1,1
DA:2,1
DA:4,1
DA:13,2
LF:4
LH:4
BRF:0
BRH:0
end_of_record
TN:
SF:src/components/CategoryListItem/CategoryListStyleItem.ts
FNF:0
FNH:0
DA:1,1
LF:1
LH:1
BRF:0
BRH:0
end_of_record
TN:
SF:src/components/FilterBar/FilterBarStyle.ts
FNF:0
FNH:0
DA:1,1
DA:11,1
LF:2
LH:2
BRF:0
BRH:0
end_of_record
TN:
SF:src/components/RecentTourList/RecentTourList.tsx
FN:17,(anonymous_1)
FN:19,(anonymous_2)
FN:23,(anonymous_3)
FN:29,(anonymous_4)
FN:30,(anonymous_5)
FN:33,(anonymous_6)
FN:34,(anonymous_7)
FN:41,(anonymous_8)
FN:49,(anonymous_9)
FN:57,(anonymous_10)
FN:58,(anonymous_11)
FN:69,(anonymous_12)
FN:82,(anonymous_13)
FN:83,(anonymous_14)
FNF:14
FNH:7
FNDA:3,(anonymous_1)
FNDA:0,(anonymous_2)
FNDA:3,(anonymous_3)
FNDA:3,(anonymous_4)
FNDA:3,(anonymous_5)
FNDA:0,(anonymous_6)
FNDA:0,(anonymous_7)
FNDA:1,(anonymous_8)
FNDA:6,(anonymous_9)
FNDA:0,(anonymous_10)
FNDA:0,(anonymous_11)
FNDA:3,(anonymous_12)
FNDA:0,(anonymous_13)
FNDA:0,(anonymous_14)
DA:1,1
DA:2,1
DA:3,1
DA:4,1
DA:5,1
DA:6,1
DA:17,1
DA:18,3
DA:19,3
DA:20,3
DA:21,3
DA:23,3
DA:24,3
DA:28,3
DA:29,3
DA:30,3
DA:33,3
DA:34,0
DA:40,3
DA:41,1
DA:43,3
DA:46,3
DA:47,2
DA:50,6
DA:67,1
DA:70,3
DA:71,3
DA:72,3
DA:73,3
DA:74,3
DA:82,0
DA:83,0
LF:32
LH:29
BRDA:28,0,0,3
BRDA:28,0,1,0
BRDA:29,1,0,3
BRDA:29,1,1,3
BRDA:40,2,0,3
BRDA:40,2,1,1
BRDA:46,3,0,2
BRDA:46,4,0,3
BRDA:46,4,1,1
BRDA:77,5,0,3
BRDA:77,5,1,0
BRF:11
BRH:9
end_of_record
TN:
SF:src/components/RecentTourList/RecentTourListStyle.ts
FNF:0
FNH:0
DA:1,1
LF:1
LH:1
BRF:0
BRH:0
end_of_record
TN:
SF:src/components/RecentTourListItem/RecentTourListItem.tsx
FN:18,(anonymous_1)
FN:31,(anonymous_2)
FNF:2
FNH:2
FNDA:14,(anonymous_1)
FNDA:1,(anonymous_2)
DA:1,2
DA:2,2
DA:3,2
DA:4,2
DA:5,2
DA:18,2
DA:28,14
DA:31,14
DA:32,1
DA:36,14
DA:40,14
LF:11
LH:11
BRDA:36,0,0,5
BRDA:36,0,1,9
BRDA:37,1,0,3
BRDA:37,1,1,2
BRDA:38,2,0,7
BRDA:38,2,1,2
BRDA:46,3,0,14
BRDA:46,3,1,10
BRDA:75,4,0,3
BRDA:75,4,1,7
BRDA:100,5,0,10
BRDA:100,5,1,4
BRDA:102,6,0,14
BRDA:102,6,1,4
BRDA:106,7,0,2
BRDA:106,7,1,2
BRF:16
BRH:16
end_of_record
TN:
SF:src/components/RecentTourListItem/RecentTourListItemStyle.ts
FNF:0
FNH:0
DA:1,2
DA:2,2
DA:3,2
DA:5,2
LF:4
LH:4
BRF:0
BRH:0
end_of_record
TN:
SF:src/components/SearchBar/SearchBarStyle.ts
FNF:0
FNH:0
DA:1,1
DA:3,1
DA:9,1
LF:3
LH:3
BRF:0
BRH:0
end_of_record
TN:
SF:src/components/SmallSearchForm/SmallSearchForm.tsx
FN:20,(anonymous_1)
FN:32,(anonymous_2)
FN:42,(anonymous_3)
FN:46,(anonymous_4)
FN:91,(anonymous_5)
FNF:5
FNH:3
FNDA:22,(anonymous_1)
FNDA:20,(anonymous_2)
FNDA:0,(anonymous_3)
FNDA:2,(anonymous_4)
FNDA:0,(anonymous_5)
DA:1,1
DA:2,1
DA:3,1
DA:4,1
DA:5,1
DA:6,1
DA:7,1
DA:8,1
DA:9,1
DA:10,1
DA:12,1
DA:13,1
DA:15,1
DA:16,1
DA:17,1
DA:18,1
DA:20,1
DA:21,22
DA:22,22
DA:23,22
DA:25,22
DA:26,22
DA:27,22
DA:30,22
DA:32,22
DA:33,20
DA:34,20
DA:35,17
DA:36,17
DA:37,16
DA:42,22
DA:43,0
DA:46,22
DA:47,2
DA:48,1
DA:49,1
DA:51,1
DA:52,1
DA:53,1
DA:56,22
DA:91,0
LF:41
LH:39
BRDA:34,0,0,17
BRDA:36,1,0,16
BRDA:47,2,0,1
BRDA:65,3,0,1
BRDA:65,3,1,21
BRDA:91,4,0,0
BRDA:91,4,1,0
BRF:7
BRH:5
end_of_record
TN:
SF:src/components/SmallSearchForm/SmallSearchFormStyle.ts
FNF:0
FNH:0
DA:1,1
DA:7,1
LF:2
LH:2
BRF:0
BRH:0
end_of_record
TN:
SF:src/components/TourCard/TourCard.tsx
FN:15,(anonymous_1)
FNF:1
FNH:1
FNDA:2,(anonymous_1)
DA:2,1
DA:3,1
DA:4,1
DA:5,1
DA:6,1
DA:7,1
DA:9,1
DA:11,1
DA:12,1
DA:13,1
DA:15,1
DA:32,2
LF:12
LH:12
BRF:0
BRH:0
end_of_record
TN:
SF:src/components/TourCard/TourCardStyle.tsx
FNF:0
FNH:0
DA:1,1
LF:1
LH:1
BRF:0
BRH:0
end_of_record
TN:
SF:src/components/TourCardList/TourCardList.tsx
FN:6,(anonymous_0)
FN:7,(anonymous_1)
FN:15,(anonymous_2)
FNF:3
FNH:2
FNDA:3,(anonymous_0)
FNDA:0,(anonymous_1)
FNDA:2,(anonymous_2)
DA:1,1
DA:2,1
DA:3,1
DA:4,1
DA:6,1
DA:7,3
DA:9,3
DA:10,2
DA:13,1
DA:16,2
LF:10
LH:10
BRDA:9,0,0,2
BRDA:9,1,0,3
BRDA:9,1,1,2
BRDA:22,2,0,2
BRDA:22,2,1,1
BRDA:23,3,0,1
BRDA:23,3,1,1
BRDA:24,4,0,2
BRDA:24,4,1,1
BRF:9
BRH:9
end_of_record
TN:
SF:src/components/TourCardList/TourCardListStyle.tsx
FNF:0
FNH:0
DA:1,1
LF:1
LH:1
BRF:0
BRH:0
end_of_record
